Using pre-set license
Built from '2021.2/staging' branch; Version is '2021.2.6f1 (8c4e826ba445) revision 9195138'; Using compiler version '192829333'; Build Type 'Release'
OS: 'Windows 10  (10.0.19042) 64bit Professional' Language: 'pt' Physical Memory: 16271 MB
BatchMode: 1, IsHumanControllingUs: 0, StartBugReporterOnCrash: 0, Is64bit: 1, IsPro: 0

COMMAND LINE ARGUMENTS:
G:\Unity Hub\Editors\2021.2.6f1\Editor\Unity.exe
-adb2
-batchMode
-noUpm
-name
AssetImportWorker1
-projectPath
F:/Unity/Udemy/RPG Core Combat Creator
-logFile
Logs/AssetImportWorker1.log
-srvPort
54476
Successfully changed project path to: F:/Unity/Udemy/RPG Core Combat Creator
F:/Unity/Udemy/RPG Core Combat Creator
[UnityMemory] Configuration Parameters - Can be set up in boot.config
    "memorysetup-bucket-allocator-granularity=16"
    "memorysetup-bucket-allocator-bucket-count=8"
    "memorysetup-bucket-allocator-block-size=33554432"
    "memorysetup-bucket-allocator-block-count=8"
    "memorysetup-main-allocator-block-size=16777216"
    "memorysetup-thread-allocator-block-size=16777216"
    "memorysetup-gfx-main-allocator-block-size=16777216"
    "memorysetup-gfx-thread-allocator-block-size=16777216"
    "memorysetup-cache-allocator-block-size=4194304"
    "memorysetup-typetree-allocator-block-size=2097152"
    "memorysetup-profiler-bucket-allocator-granularity=16"
    "memorysetup-profiler-bucket-allocator-bucket-count=8"
    "memorysetup-profiler-bucket-allocator-block-size=33554432"
    "memorysetup-profiler-bucket-allocator-block-count=8"
    "memorysetup-profiler-allocator-block-size=16777216"
    "memorysetup-profiler-editor-allocator-block-size=1048576"
    "memorysetup-temp-allocator-size-main=16777216"
    "memorysetup-job-temp-allocator-block-size=2097152"
    "memorysetup-job-temp-allocator-block-size-background=1048576"
    "memorysetup-job-temp-allocator-reduction-small-platforms=262144"
    "memorysetup-temp-allocator-size-background-worker=32768"
    "memorysetup-temp-allocator-size-job-worker=262144"
    "memorysetup-temp-allocator-size-preload-manager=33554432"
    "memorysetup-temp-allocator-size-nav-mesh-worker=65536"
    "memorysetup-temp-allocator-size-audio-worker=65536"
    "memorysetup-temp-allocator-size-cloud-worker=32768"
    "memorysetup-temp-allocator-size-gi-baking-worker=262144"
    "memorysetup-temp-allocator-size-gfx=262144"
Refreshing native plugins compatible for Editor in 39.46 ms, found 2 plugins.
Preloading 0 native plugins for Editor in 0.00 ms.
Initialize engine version: 2021.2.6f1 (8c4e826ba445)
[Subsystems] Discovering subsystems at path G:/Unity Hub/Editors/2021.2.6f1/Editor/Data/Resources/UnitySubsystems
[Subsystems] Discovering subsystems at path F:/Unity/Udemy/RPG Core Combat Creator/Assets
GfxDevice: creating device client; threaded=0; jobified=0
Direct3D:
    Version:  Direct3D 11.0 [level 11.1]
    Renderer: NVIDIA GeForce GTX 1060 6GB (ID=0x1c03)
    Vendor:   NVIDIA
    VRAM:     6052 MB
    Driver:   30.0.14.9709
Initialize mono
Mono path[0] = 'G:/Unity Hub/Editors/2021.2.6f1/Editor/Data/Managed'
Mono path[1] = 'G:/Unity Hub/Editors/2021.2.6f1/Editor/Data/MonoBleedingEdge/lib/mono/unityjit-win32'
Mono config path = 'G:/Unity Hub/Editors/2021.2.6f1/Editor/Data/MonoBleedingEdge/etc'
Using monoOptions --debugger-agent=transport=dt_socket,embedding=1,server=y,suspend=n,address=127.0.0.1:56412
Begin MonoManager ReloadAssembly
Registering precompiled unity dll's ...
Register platform support module: G:/Unity Hub/Editors/2021.2.6f1/Editor/Data/PlaybackEngines/WindowsStandaloneSupport/UnityEditor.WindowsStandalone.Extensions.dll
Registered in 0.002903 seconds.
Native extension for WindowsStandalone target not found
Refreshing native plugins compatible for Editor in 37.43 ms, found 2 plugins.
Preloading 0 native plugins for Editor in 0.00 ms.
Mono: successfully reloaded assembly
- Completed reload, in  0.496 seconds
Domain Reload Profiling:
	ReloadAssembly (496ms)
		BeginReloadAssembly (65ms)
			ExecutionOrderSort (0ms)
			DisableScriptedObjects (0ms)
			BackupInstance (0ms)
			ReleaseScriptingObjects (0ms)
			CreateAndSetChildDomain (1ms)
		EndReloadAssembly (366ms)
			LoadAssemblies (64ms)
			RebuildTransferFunctionScriptingTraits (0ms)
			SetupTypeCache (101ms)
			ReleaseScriptCaches (0ms)
			RebuildScriptCaches (22ms)
			SetupLoadedEditorAssemblies (201ms)
				LogAssemblyErrors (0ms)
				InitializePlatformSupportModulesInManaged (12ms)
				SetLoadedEditorAssemblies (0ms)
				RefreshPlugins (38ms)
				BeforeProcessingInitializeOnLoad (1ms)
				ProcessInitializeOnLoadAttributes (108ms)
				ProcessInitializeOnLoadMethodAttributes (42ms)
				AfterProcessingInitializeOnLoad (0ms)
				EditorAssembliesLoaded (0ms)
			ExecutionOrderSort2 (0ms)
			AwakeInstancesAfterBackupRestoration (0ms)
Platform modules already initialized, skipping
Registering precompiled user dll's ...
Registered in 0.004093 seconds.
Begin MonoManager ReloadAssembly
Native extension for WindowsStandalone target not found
Refreshing native plugins compatible for Editor in 42.57 ms, found 2 plugins.
Preloading 0 native plugins for Editor in 0.00 ms.
Mono: successfully reloaded assembly
- Completed reload, in  1.002 seconds
Domain Reload Profiling:
	ReloadAssembly (1003ms)
		BeginReloadAssembly (92ms)
			ExecutionOrderSort (0ms)
			DisableScriptedObjects (5ms)
			BackupInstance (0ms)
			ReleaseScriptingObjects (0ms)
			CreateAndSetChildDomain (17ms)
		EndReloadAssembly (834ms)
			LoadAssemblies (62ms)
			RebuildTransferFunctionScriptingTraits (0ms)
			SetupTypeCache (189ms)
			ReleaseScriptCaches (0ms)
			RebuildScriptCaches (47ms)
			SetupLoadedEditorAssemblies (497ms)
				LogAssemblyErrors (0ms)
				InitializePlatformSupportModulesInManaged (9ms)
				SetLoadedEditorAssemblies (0ms)
				RefreshPlugins (43ms)
				BeforeProcessingInitializeOnLoad (49ms)
				ProcessInitializeOnLoadAttributes (377ms)
				ProcessInitializeOnLoadMethodAttributes (16ms)
				AfterProcessingInitializeOnLoad (3ms)
				EditorAssembliesLoaded (0ms)
			ExecutionOrderSort2 (0ms)
			AwakeInstancesAfterBackupRestoration (6ms)
Platform modules already initialized, skipping
========================================================================
Worker process is ready to serve import requests
Launched and connected shader compiler UnityShaderCompiler.exe after 0.04 seconds
Refreshing native plugins compatible for Editor in 0.48 ms, found 2 plugins.
Preloading 0 native plugins for Editor in 0.00 ms.
Unloading 2425 Unused Serialized files (Serialized files now loaded: 0)
Unloading 150 unused Assets / (1.6 MB). Loaded Objects now: 2915.
Memory consumption went from 127.6 MB to 126.0 MB.
Total: 3.286800 ms (FindLiveObjects: 0.213300 ms CreateObjectMapping: 0.126700 ms MarkObjects: 2.518100 ms  DeleteObjects: 0.427900 ms)

AssetImportParameters requested are different than current active one (requested -> active):
  custom:video-decoder-ogg-theora: a1e56fd34408186e4bbccfd4996cb3dc -> 
  custom:container-muxer-webm: aa71ff27fc2769a1b78a27578f13a17b -> 
  custom:container-demuxer-webm: 4f35f7cbe854078d1ac9338744f61a02 -> 
  custom:video-encoder-webm-vp8: eb34c28f22e8b96e1ab97ce403110664 -> 
  custom:audio-encoder-webm-vorbis: bf7c407c2cedff20999df2af8eb42d56 -> 
  custom:framework-win-MediaFoundation: 216162199b28c13a410421893ffa2e32 -> 
  custom:container-demuxer-ogg: 62fdf1f143b41e24485cea50d1cbac27 -> 
  custom:video-decoder-webm-vp8: 9c59270c3fd7afecdb556c50c9e8de78 -> 
  custom:audio-decoder-ogg-vorbis: bf7c407c2cedff20999df2af8eb42d56 -> 
========================================================================
Received Import Request.
  Time since last request: 1508380.895839 seconds.
  path: Assets/Scripts/Combat/Weapon.cs
  artifactKey: Guid(fbc2372246cefac449280b27cb32d627) Importer(2089858483,934ff659095e30574adcf32a4c2f97b5)
Start importing Assets/Scripts/Combat/Weapon.cs using Guid(fbc2372246cefac449280b27cb32d627) Importer(2089858483,934ff659095e30574adcf32a4c2f97b5) Generated GUIDs only implemented for interfaces!
 -> (artifact id: '2fcb2f7eb512704524b5b3060ce36c7b') in 0.110800 seconds 
========================================================================
Received Import Request.
  Time since last request: 0.000017 seconds.
  path: Assets/Asset Packs/Synty - Polygon Student Sample/Models/SM_Wep_Sword_01.fbx
  artifactKey: Guid(38703959b00cc0145ba1149ca77cac13) Importer(815301076,1909f56bfc062723c751e8b465ee728b)
Start importing Assets/Asset Packs/Synty - Polygon Student Sample/Models/SM_Wep_Sword_01.fbx using Guid(38703959b00cc0145ba1149ca77cac13) Importer(815301076,1909f56bfc062723c751e8b465ee728b)  -> (artifact id: '503fa9bd0ba58f2eaf406670d0f10160') in 0.126839 seconds 
========================================================================
Received Import Request.
  Time since last request: 0.000027 seconds.
  path: Assets/Game/Weapons/2Handed Skeleton Sword/2Handed Skeleton Sword Animator Override Controller.overrideController
  artifactKey: Guid(f134183059ca7bb438fcd22ad8e0a476) Importer(815301076,1909f56bfc062723c751e8b465ee728b)
Start importing Assets/Game/Weapons/2Handed Skeleton Sword/2Handed Skeleton Sword Animator Override Controller.overrideController using Guid(f134183059ca7bb438fcd22ad8e0a476) Importer(815301076,1909f56bfc062723c751e8b465ee728b)  -> (artifact id: '3adffb57874be169539bbb0968aa123e') in 0.584218 seconds 
========================================================================
Received Import Request.
  Time since last request: 0.000060 seconds.
  path: Assets/Game/Pickups/Weapon Pickup FireBall.prefab
  artifactKey: Guid(cf66a223e22c25540aae03f144aee546) Importer(815301076,1909f56bfc062723c751e8b465ee728b)
Start importing Assets/Game/Pickups/Weapon Pickup FireBall.prefab using Guid(cf66a223e22c25540aae03f144aee546) Importer(815301076,1909f56bfc062723c751e8b465ee728b)  -> (artifact id: '8cdd820df021a48fc96e901eef7f81ea') in 0.721605 seconds 
========================================================================
Received Import Request.
  Time since last request: 0.000027 seconds.
  path: Assets/Game/Pickups/Weapon Pickup Sword.prefab
  artifactKey: Guid(95ea04f9ef92a8f4a8056cd38c14d19e) Importer(815301076,1909f56bfc062723c751e8b465ee728b)
Start importing Assets/Game/Pickups/Weapon Pickup Sword.prefab using Guid(95ea04f9ef92a8f4a8056cd38c14d19e) Importer(815301076,1909f56bfc062723c751e8b465ee728b)  -> (artifact id: 'a3939f0af1ddee2d6224a611c2909ab4') in 0.461140 seconds 
========================================================================
Received Import Request.
  Time since last request: 4.168642 seconds.
  path: Assets/Scenes/Terrain Samples/Terrain Tools/0.1.0-preview/Terrain Assets/BrushTextures/HeightmapTexture.preset
  artifactKey: Guid(3673edd4bef6add4aaf606245092507c) Importer(815301076,1909f56bfc062723c751e8b465ee728b)
Start importing Assets/Scenes/Terrain Samples/Terrain Tools/0.1.0-preview/Terrain Assets/BrushTextures/HeightmapTexture.preset using Guid(3673edd4bef6add4aaf606245092507c) Importer(815301076,1909f56bfc062723c751e8b465ee728b)  -> (artifact id: '0b77c838f4142428cdba00e0881567b3') in 0.008790 seconds 
========================================================================
Received Import Request.
  Time since last request: 0.000027 seconds.
  path: Assets/Asset Packs/KriptoFX/Realistic Effects Pack v4/Effects/Scripts/RFX4_TextureShaderProperties.cs
  artifactKey: Guid(f5b37f1de5ca4454998c310d7635d62c) Importer(815301076,1909f56bfc062723c751e8b465ee728b)
Start importing Assets/Asset Packs/KriptoFX/Realistic Effects Pack v4/Effects/Scripts/RFX4_TextureShaderProperties.cs using Guid(f5b37f1de5ca4454998c310d7635d62c) Importer(815301076,1909f56bfc062723c751e8b465ee728b)  -> (artifact id: '9c49b493c2ad0719912ecf94c44f0a1d') in 0.002950 seconds 
========================================================================
Received Import Request.
  Time since last request: 0.145381 seconds.
  path: Assets/Asset Packs/HEROIC FANTASY CREATURES FULL PACK/LIVING DEAD PACK/SKELETON KNIGHT/TEXTURES/1HANDED_SWORD_ALBEDO.jpg
  artifactKey: Guid(9357fafe2a6843d4cb8bac23509da417) Importer(815301076,1909f56bfc062723c751e8b465ee728b)
Start importing Assets/Asset Packs/HEROIC FANTASY CREATURES FULL PACK/LIVING DEAD PACK/SKELETON KNIGHT/TEXTURES/1HANDED_SWORD_ALBEDO.jpg using Guid(9357fafe2a6843d4cb8bac23509da417) Importer(815301076,1909f56bfc062723c751e8b465ee728b)  -> (artifact id: '50922d4c6c8861c315da005f84593b6a') in 0.044780 seconds 
========================================================================
Received Import Request.
  Time since last request: 0.121794 seconds.
  path: Assets/Asset Packs/HEROIC FANTASY CREATURES FULL PACK/LIVING DEAD PACK/SKELETON KNIGHT/MATERIALS/1HANDED_SWORD_PBR.mat
  artifactKey: Guid(f135a272fa3003248a8531c322403c30) Importer(815301076,1909f56bfc062723c751e8b465ee728b)
Start importing Assets/Asset Packs/HEROIC FANTASY CREATURES FULL PACK/LIVING DEAD PACK/SKELETON KNIGHT/MATERIALS/1HANDED_SWORD_PBR.mat using Guid(f135a272fa3003248a8531c322403c30) Importer(815301076,1909f56bfc062723c751e8b465ee728b)  -> (artifact id: '7c3e6a47a7efa53806492503a91a5a55') in 0.077642 seconds 
========================================================================
Received Import Request.
  Time since last request: 0.000015 seconds.
  path: Assets/Asset Packs/HEROIC FANTASY CREATURES FULL PACK/LIVING DEAD PACK/SKELETON KNIGHT/TEXTURES/2HANDED_SWORD_LEGACY.tga
  artifactKey: Guid(1f6aea9a960495b42b400234cb37818e) Importer(815301076,1909f56bfc062723c751e8b465ee728b)
Start importing Assets/Asset Packs/HEROIC FANTASY CREATURES FULL PACK/LIVING DEAD PACK/SKELETON KNIGHT/TEXTURES/2HANDED_SWORD_LEGACY.tga using Guid(1f6aea9a960495b42b400234cb37818e) Importer(815301076,1909f56bfc062723c751e8b465ee728b)  -> (artifact id: '19a21a5bb7d85617476bec985c67e762') in 0.010941 seconds 
========================================================================
Received Import Request.
  Time since last request: 0.000017 seconds.
  path: Assets/Asset Packs/HEROIC FANTASY CREATURES FULL PACK/LIVING DEAD PACK/SKELETON KNIGHT/TEXTURES/2HANDED_SWORD_SPEC_GLOSS.tga
  artifactKey: Guid(33f22d331f2fac049aa85fbebfb54df3) Importer(815301076,1909f56bfc062723c751e8b465ee728b)
Start importing Assets/Asset Packs/HEROIC FANTASY CREATURES FULL PACK/LIVING DEAD PACK/SKELETON KNIGHT/TEXTURES/2HANDED_SWORD_SPEC_GLOSS.tga using Guid(33f22d331f2fac049aa85fbebfb54df3) Importer(815301076,1909f56bfc062723c751e8b465ee728b)  -> (artifact id: 'a70cb5517f085306ad1267383f027cd7') in 0.007597 seconds 
========================================================================
Received Import Request.
  Time since last request: 0.020984 seconds.
  path: Assets/Asset Packs/HEROIC FANTASY CREATURES FULL PACK/LIVING DEAD PACK/SKELETON KNIGHT/TEXTURES/2HANDED_SWORD_ALBEDO.jpg
  artifactKey: Guid(6cdcfb1382a8f54449943125beb773b1) Importer(815301076,1909f56bfc062723c751e8b465ee728b)
Start importing Assets/Asset Packs/HEROIC FANTASY CREATURES FULL PACK/LIVING DEAD PACK/SKELETON KNIGHT/TEXTURES/2HANDED_SWORD_ALBEDO.jpg using Guid(6cdcfb1382a8f54449943125beb773b1) Importer(815301076,1909f56bfc062723c751e8b465ee728b)  -> (artifact id: '234694039605b7b69d06e5bc7ea8304d') in 0.007898 seconds 
========================================================================
Received Import Request.
  Time since last request: 1.436468 seconds.
  path: Assets/TextMesh Pro/Examples & Extras/Resources/Fonts & Materials/Bangers SDF Glow.mat
  artifactKey: Guid(d75b8f41e959450c84ac6e967084d3e1) Importer(815301076,1909f56bfc062723c751e8b465ee728b)
Start importing Assets/TextMesh Pro/Examples & Extras/Resources/Fonts & Materials/Bangers SDF Glow.mat using Guid(d75b8f41e959450c84ac6e967084d3e1) Importer(815301076,1909f56bfc062723c751e8b465ee728b)  -> (artifact id: 'b5ccc4137fb10e7d6f3e3d6501d13769') in 0.272042 seconds 
========================================================================
Received Import Request.
  Time since last request: 0.000017 seconds.
  path: Assets/TextMesh Pro/Examples & Extras/Resources/Fonts & Materials/Anton SDF - Sunny Days.mat
  artifactKey: Guid(6522f30e342599e4e9dd4cc2cc03c830) Importer(815301076,1909f56bfc062723c751e8b465ee728b)
Start importing Assets/TextMesh Pro/Examples & Extras/Resources/Fonts & Materials/Anton SDF - Sunny Days.mat using Guid(6522f30e342599e4e9dd4cc2cc03c830) Importer(815301076,1909f56bfc062723c751e8b465ee728b)  -> (artifact id: '187dbbafb26481afbc5630339327f134') in 0.150576 seconds 
========================================================================
Received Import Request.
  Time since last request: 0.000020 seconds.
  path: Assets/Asset Packs/KriptoFX/Realistic Effects Pack v4/SceneResources/Other/RFX4_MouseOrbit.cs
  artifactKey: Guid(b93443f596f0ab341a36b9858684ba49) Importer(815301076,1909f56bfc062723c751e8b465ee728b)
Start importing Assets/Asset Packs/KriptoFX/Realistic Effects Pack v4/SceneResources/Other/RFX4_MouseOrbit.cs using Guid(b93443f596f0ab341a36b9858684ba49) Importer(815301076,1909f56bfc062723c751e8b465ee728b)  -> (artifact id: 'c62110ac63a5702edf3f604a3335ce65') in 0.001941 seconds 
========================================================================
Received Import Request.
  Time since last request: 0.000023 seconds.
  path: Assets/Asset Packs/KriptoFX/Realistic Effects Pack v4/SceneResources/Other/RFX4_Debug.cs
  artifactKey: Guid(b3fc7e9425d15b74090f0c600d72af74) Importer(815301076,1909f56bfc062723c751e8b465ee728b)
Start importing Assets/Asset Packs/KriptoFX/Realistic Effects Pack v4/SceneResources/Other/RFX4_Debug.cs using Guid(b3fc7e9425d15b74090f0c600d72af74) Importer(815301076,1909f56bfc062723c751e8b465ee728b)  -> (artifact id: '5d1825d49998594bb74d1b81066a3288') in 0.001830 seconds 
========================================================================
Received Import Request.
  Time since last request: 0.000024 seconds.
  path: Assets/TextMesh Pro/Examples & Extras/Resources/Color Gradient Presets/Blue to Purple - Vertical.asset
  artifactKey: Guid(479a66fa4b094512a62b0a8e553ad95a) Importer(815301076,1909f56bfc062723c751e8b465ee728b)
Start importing Assets/TextMesh Pro/Examples & Extras/Resources/Color Gradient Presets/Blue to Purple - Vertical.asset using Guid(479a66fa4b094512a62b0a8e553ad95a) Importer(815301076,1909f56bfc062723c751e8b465ee728b)  -> (artifact id: '5442635ef9aa4f423b9aa77e7bf67fd6') in 0.003839 seconds 
========================================================================
Received Prepare
Registering precompiled user dll's ...
Registered in 0.004788 seconds.
Begin MonoManager ReloadAssembly
Native extension for WindowsStandalone target not found
Refreshing native plugins compatible for Editor in 0.72 ms, found 2 plugins.
Preloading 0 native plugins for Editor in 0.00 ms.
Mono: successfully reloaded assembly
- Completed reload, in  1.020 seconds
Domain Reload Profiling:
	ReloadAssembly (1020ms)
		BeginReloadAssembly (131ms)
			ExecutionOrderSort (0ms)
			DisableScriptedObjects (3ms)
			BackupInstance (0ms)
			ReleaseScriptingObjects (0ms)
			CreateAndSetChildDomain (36ms)
		EndReloadAssembly (813ms)
			LoadAssemblies (78ms)
			RebuildTransferFunctionScriptingTraits (0ms)
			SetupTypeCache (200ms)
			ReleaseScriptCaches (1ms)
			RebuildScriptCaches (54ms)
			SetupLoadedEditorAssemblies (445ms)
				LogAssemblyErrors (0ms)
				InitializePlatformSupportModulesInManaged (10ms)
				SetLoadedEditorAssemblies (0ms)
				RefreshPlugins (1ms)
				BeforeProcessingInitializeOnLoad (57ms)
				ProcessInitializeOnLoadAttributes (354ms)
				ProcessInitializeOnLoadMethodAttributes (20ms)
				AfterProcessingInitializeOnLoad (3ms)
				EditorAssembliesLoaded (0ms)
			ExecutionOrderSort2 (0ms)
			AwakeInstancesAfterBackupRestoration (14ms)
Platform modules already initialized, skipping
Refreshing native plugins compatible for Editor in 0.52 ms, found 2 plugins.
Preloading 0 native plugins for Editor in 0.00 ms.
Unloading 2352 Unused Serialized files (Serialized files now loaded: 0)
Unloading 136 unused Assets / (1.6 MB). Loaded Objects now: 3024.
Memory consumption went from 133.0 MB to 131.4 MB.
Total: 3.324400 ms (FindLiveObjects: 0.240900 ms CreateObjectMapping: 0.149100 ms MarkObjects: 2.503300 ms  DeleteObjects: 0.430100 ms)

AssetImportParameters requested are different than current active one (requested -> active):
  custom:video-decoder-ogg-theora: a1e56fd34408186e4bbccfd4996cb3dc -> 
  custom:container-muxer-webm: aa71ff27fc2769a1b78a27578f13a17b -> 
  custom:container-demuxer-webm: 4f35f7cbe854078d1ac9338744f61a02 -> 
  custom:video-encoder-webm-vp8: eb34c28f22e8b96e1ab97ce403110664 -> 
  custom:audio-encoder-webm-vorbis: bf7c407c2cedff20999df2af8eb42d56 -> 
  custom:framework-win-MediaFoundation: 216162199b28c13a410421893ffa2e32 -> 
  custom:SearchIndexIgnoredProperties: e643bd26f0fe6173181afceb89e7c659 -> 
  custom:container-demuxer-ogg: 62fdf1f143b41e24485cea50d1cbac27 -> 
  custom:video-decoder-webm-vp8: 9c59270c3fd7afecdb556c50c9e8de78 -> 
  custom:audio-decoder-ogg-vorbis: bf7c407c2cedff20999df2af8eb42d56 -> 
========================================================================
Received Prepare
Registering precompiled user dll's ...
Registered in 0.003886 seconds.
Begin MonoManager ReloadAssembly
Native extension for WindowsStandalone target not found
Refreshing native plugins compatible for Editor in 0.48 ms, found 2 plugins.
Preloading 0 native plugins for Editor in 0.00 ms.
Mono: successfully reloaded assembly
- Completed reload, in  1.018 seconds
Domain Reload Profiling:
	ReloadAssembly (1019ms)
		BeginReloadAssembly (131ms)
			ExecutionOrderSort (0ms)
			DisableScriptedObjects (4ms)
			BackupInstance (0ms)
			ReleaseScriptingObjects (0ms)
			CreateAndSetChildDomain (30ms)
		EndReloadAssembly (802ms)
			LoadAssemblies (73ms)
			RebuildTransferFunctionScriptingTraits (0ms)
			SetupTypeCache (166ms)
			ReleaseScriptCaches (1ms)
			RebuildScriptCaches (48ms)
			SetupLoadedEditorAssemblies (472ms)
				LogAssemblyErrors (0ms)
				InitializePlatformSupportModulesInManaged (12ms)
				SetLoadedEditorAssemblies (0ms)
				RefreshPlugins (1ms)
				BeforeProcessingInitializeOnLoad (60ms)
				ProcessInitializeOnLoadAttributes (373ms)
				ProcessInitializeOnLoadMethodAttributes (21ms)
				AfterProcessingInitializeOnLoad (6ms)
				EditorAssembliesLoaded (0ms)
			ExecutionOrderSort2 (0ms)
			AwakeInstancesAfterBackupRestoration (13ms)
Platform modules already initialized, skipping
Refreshing native plugins compatible for Editor in 0.49 ms, found 2 plugins.
Preloading 0 native plugins for Editor in 0.00 ms.
Unloading 2347 Unused Serialized files (Serialized files now loaded: 0)
Unloading 134 unused Assets / (1.6 MB). Loaded Objects now: 3026.
Memory consumption went from 132.8 MB to 131.2 MB.
Total: 2.792300 ms (FindLiveObjects: 0.217200 ms CreateObjectMapping: 0.133700 ms MarkObjects: 2.070500 ms  DeleteObjects: 0.369900 ms)

AssetImportParameters requested are different than current active one (requested -> active):
  custom:video-decoder-ogg-theora: a1e56fd34408186e4bbccfd4996cb3dc -> 
  custom:container-muxer-webm: aa71ff27fc2769a1b78a27578f13a17b -> 
  custom:container-demuxer-webm: 4f35f7cbe854078d1ac9338744f61a02 -> 
  custom:video-encoder-webm-vp8: eb34c28f22e8b96e1ab97ce403110664 -> 
  custom:audio-encoder-webm-vorbis: bf7c407c2cedff20999df2af8eb42d56 -> 
  custom:framework-win-MediaFoundation: 216162199b28c13a410421893ffa2e32 -> 
  custom:SearchIndexIgnoredProperties: e643bd26f0fe6173181afceb89e7c659 -> 
  custom:container-demuxer-ogg: 62fdf1f143b41e24485cea50d1cbac27 -> 
  custom:video-decoder-webm-vp8: 9c59270c3fd7afecdb556c50c9e8de78 -> 
  custom:audio-decoder-ogg-vorbis: bf7c407c2cedff20999df2af8eb42d56 -> 
========================================================================
Received Prepare
Registering precompiled user dll's ...
Registered in 0.006348 seconds.
Begin MonoManager ReloadAssembly
Native extension for WindowsStandalone target not found
Refreshing native plugins compatible for Editor in 0.52 ms, found 2 plugins.
Preloading 0 native plugins for Editor in 0.00 ms.
Mono: successfully reloaded assembly
- Completed reload, in  1.067 seconds
Domain Reload Profiling:
	ReloadAssembly (1068ms)
		BeginReloadAssembly (146ms)
			ExecutionOrderSort (0ms)
			DisableScriptedObjects (5ms)
			BackupInstance (0ms)
			ReleaseScriptingObjects (0ms)
			CreateAndSetChildDomain (30ms)
		EndReloadAssembly (829ms)
			LoadAssemblies (78ms)
			RebuildTransferFunctionScriptingTraits (0ms)
			SetupTypeCache (197ms)
			ReleaseScriptCaches (2ms)
			RebuildScriptCaches (54ms)
			SetupLoadedEditorAssemblies (454ms)
				LogAssemblyErrors (0ms)
				InitializePlatformSupportModulesInManaged (12ms)
				SetLoadedEditorAssemblies (0ms)
				RefreshPlugins (1ms)
				BeforeProcessingInitializeOnLoad (65ms)
				ProcessInitializeOnLoadAttributes (353ms)
				ProcessInitializeOnLoadMethodAttributes (19ms)
				AfterProcessingInitializeOnLoad (3ms)
				EditorAssembliesLoaded (0ms)
			ExecutionOrderSort2 (0ms)
			AwakeInstancesAfterBackupRestoration (10ms)
Platform modules already initialized, skipping
Refreshing native plugins compatible for Editor in 0.67 ms, found 2 plugins.
Preloading 0 native plugins for Editor in 0.00 ms.
Unloading 2347 Unused Serialized files (Serialized files now loaded: 0)
Unloading 134 unused Assets / (1.6 MB). Loaded Objects now: 3028.
Memory consumption went from 132.8 MB to 131.2 MB.
Total: 3.501200 ms (FindLiveObjects: 0.241900 ms CreateObjectMapping: 0.208300 ms MarkObjects: 2.588800 ms  DeleteObjects: 0.460900 ms)

AssetImportParameters requested are different than current active one (requested -> active):
  custom:video-decoder-ogg-theora: a1e56fd34408186e4bbccfd4996cb3dc -> 
  custom:container-muxer-webm: aa71ff27fc2769a1b78a27578f13a17b -> 
  custom:container-demuxer-webm: 4f35f7cbe854078d1ac9338744f61a02 -> 
  custom:video-encoder-webm-vp8: eb34c28f22e8b96e1ab97ce403110664 -> 
  custom:audio-encoder-webm-vorbis: bf7c407c2cedff20999df2af8eb42d56 -> 
  custom:framework-win-MediaFoundation: 216162199b28c13a410421893ffa2e32 -> 
  custom:SearchIndexIgnoredProperties: e643bd26f0fe6173181afceb89e7c659 -> 
  custom:container-demuxer-ogg: 62fdf1f143b41e24485cea50d1cbac27 -> 
  custom:video-decoder-webm-vp8: 9c59270c3fd7afecdb556c50c9e8de78 -> 
  custom:audio-decoder-ogg-vorbis: bf7c407c2cedff20999df2af8eb42d56 -> 
========================================================================
Received Prepare
Registering precompiled user dll's ...
Registered in 0.005018 seconds.
Begin MonoManager ReloadAssembly
Native extension for WindowsStandalone target not found
Refreshing native plugins compatible for Editor in 0.55 ms, found 2 plugins.
Preloading 0 native plugins for Editor in 0.00 ms.
Mono: successfully reloaded assembly
- Completed reload, in  1.183 seconds
Domain Reload Profiling:
	ReloadAssembly (1184ms)
		BeginReloadAssembly (162ms)
			ExecutionOrderSort (0ms)
			DisableScriptedObjects (13ms)
			BackupInstance (0ms)
			ReleaseScriptingObjects (0ms)
			CreateAndSetChildDomain (34ms)
		EndReloadAssembly (929ms)
			LoadAssemblies (83ms)
			RebuildTransferFunctionScriptingTraits (0ms)
			SetupTypeCache (221ms)
			ReleaseScriptCaches (2ms)
			RebuildScriptCaches (70ms)
			SetupLoadedEditorAssemblies (516ms)
				LogAssemblyErrors (0ms)
				InitializePlatformSupportModulesInManaged (14ms)
				SetLoadedEditorAssemblies (0ms)
				RefreshPlugins (1ms)
				BeforeProcessingInitializeOnLoad (63ms)
				ProcessInitializeOnLoadAttributes (410ms)
				ProcessInitializeOnLoadMethodAttributes (24ms)
				AfterProcessingInitializeOnLoad (4ms)
				EditorAssembliesLoaded (0ms)
			ExecutionOrderSort2 (0ms)
			AwakeInstancesAfterBackupRestoration (12ms)
Platform modules already initialized, skipping
Refreshing native plugins compatible for Editor in 1.01 ms, found 2 plugins.
Preloading 0 native plugins for Editor in 0.00 ms.
Unloading 2347 Unused Serialized files (Serialized files now loaded: 0)
Unloading 134 unused Assets / (1.6 MB). Loaded Objects now: 3030.
Memory consumption went from 132.8 MB to 131.2 MB.
Total: 3.319900 ms (FindLiveObjects: 0.234700 ms CreateObjectMapping: 0.189000 ms MarkObjects: 2.494000 ms  DeleteObjects: 0.401300 ms)

AssetImportParameters requested are different than current active one (requested -> active):
  custom:video-decoder-ogg-theora: a1e56fd34408186e4bbccfd4996cb3dc -> 
  custom:container-muxer-webm: aa71ff27fc2769a1b78a27578f13a17b -> 
  custom:container-demuxer-webm: 4f35f7cbe854078d1ac9338744f61a02 -> 
  custom:video-encoder-webm-vp8: eb34c28f22e8b96e1ab97ce403110664 -> 
  custom:audio-encoder-webm-vorbis: bf7c407c2cedff20999df2af8eb42d56 -> 
  custom:framework-win-MediaFoundation: 216162199b28c13a410421893ffa2e32 -> 
  custom:SearchIndexIgnoredProperties: e643bd26f0fe6173181afceb89e7c659 -> 
  custom:container-demuxer-ogg: 62fdf1f143b41e24485cea50d1cbac27 -> 
  custom:video-decoder-webm-vp8: 9c59270c3fd7afecdb556c50c9e8de78 -> 
  custom:audio-decoder-ogg-vorbis: bf7c407c2cedff20999df2af8eb42d56 -> 
========================================================================
Received Prepare
Registering precompiled user dll's ...
Registered in 0.003823 seconds.
Begin MonoManager ReloadAssembly
Native extension for WindowsStandalone target not found
Refreshing native plugins compatible for Editor in 0.57 ms, found 2 plugins.
Preloading 0 native plugins for Editor in 0.00 ms.
Mono: successfully reloaded assembly
- Completed reload, in  1.031 seconds
Domain Reload Profiling:
	ReloadAssembly (1032ms)
		BeginReloadAssembly (123ms)
			ExecutionOrderSort (0ms)
			DisableScriptedObjects (5ms)
			BackupInstance (0ms)
			ReleaseScriptingObjects (0ms)
			CreateAndSetChildDomain (28ms)
		EndReloadAssembly (833ms)
			LoadAssemblies (69ms)
			RebuildTransferFunctionScriptingTraits (0ms)
			SetupTypeCache (184ms)
			ReleaseScriptCaches (2ms)
			RebuildScriptCaches (59ms)
			SetupLoadedEditorAssemblies (483ms)
				LogAssemblyErrors (0ms)
				InitializePlatformSupportModulesInManaged (10ms)
				SetLoadedEditorAssemblies (0ms)
				RefreshPlugins (1ms)
				BeforeProcessingInitializeOnLoad (61ms)
				ProcessInitializeOnLoadAttributes (388ms)
				ProcessInitializeOnLoadMethodAttributes (20ms)
				AfterProcessingInitializeOnLoad (3ms)
				EditorAssembliesLoaded (0ms)
			ExecutionOrderSort2 (0ms)
			AwakeInstancesAfterBackupRestoration (11ms)
Platform modules already initialized, skipping
Refreshing native plugins compatible for Editor in 0.74 ms, found 2 plugins.
Preloading 0 native plugins for Editor in 0.00 ms.
Unloading 2347 Unused Serialized files (Serialized files now loaded: 0)
Unloading 134 unused Assets / (1.6 MB). Loaded Objects now: 3032.
Memory consumption went from 132.8 MB to 131.2 MB.
Total: 3.772900 ms (FindLiveObjects: 0.279400 ms CreateObjectMapping: 0.165600 ms MarkObjects: 2.882500 ms  DeleteObjects: 0.444300 ms)

AssetImportParameters requested are different than current active one (requested -> active):
  custom:video-decoder-ogg-theora: a1e56fd34408186e4bbccfd4996cb3dc -> 
  custom:container-muxer-webm: aa71ff27fc2769a1b78a27578f13a17b -> 
  custom:container-demuxer-webm: 4f35f7cbe854078d1ac9338744f61a02 -> 
  custom:video-encoder-webm-vp8: eb34c28f22e8b96e1ab97ce403110664 -> 
  custom:audio-encoder-webm-vorbis: bf7c407c2cedff20999df2af8eb42d56 -> 
  custom:framework-win-MediaFoundation: 216162199b28c13a410421893ffa2e32 -> 
  custom:SearchIndexIgnoredProperties: e643bd26f0fe6173181afceb89e7c659 -> 
  custom:container-demuxer-ogg: 62fdf1f143b41e24485cea50d1cbac27 -> 
  custom:video-decoder-webm-vp8: 9c59270c3fd7afecdb556c50c9e8de78 -> 
  custom:audio-decoder-ogg-vorbis: bf7c407c2cedff20999df2af8eb42d56 -> 
