Using pre-set license
Built from '2021.2/staging' branch; Version is '2021.2.6f1 (8c4e826ba445) revision 9195138'; Using compiler version '192829333'; Build Type 'Release'
OS: 'Windows 10  (10.0.19042) 64bit Professional' Language: 'pt' Physical Memory: 16271 MB
BatchMode: 1, IsHumanControllingUs: 0, StartBugReporterOnCrash: 0, Is64bit: 1, IsPro: 0

COMMAND LINE ARGUMENTS:
G:\Unity Hub\Editors\2021.2.6f1\Editor\Unity.exe
-adb2
-batchMode
-noUpm
-name
AssetImportWorker0
-projectPath
F:/Unity/Udemy/RPG Core Combat Creator
-logFile
Logs/AssetImportWorker0.log
-srvPort
54476
Successfully changed project path to: F:/Unity/Udemy/RPG Core Combat Creator
F:/Unity/Udemy/RPG Core Combat Creator
[UnityMemory] Configuration Parameters - Can be set up in boot.config
    "memorysetup-bucket-allocator-granularity=16"
    "memorysetup-bucket-allocator-bucket-count=8"
    "memorysetup-bucket-allocator-block-size=33554432"
    "memorysetup-bucket-allocator-block-count=8"
    "memorysetup-main-allocator-block-size=16777216"
    "memorysetup-thread-allocator-block-size=16777216"
    "memorysetup-gfx-main-allocator-block-size=16777216"
    "memorysetup-gfx-thread-allocator-block-size=16777216"
    "memorysetup-cache-allocator-block-size=4194304"
    "memorysetup-typetree-allocator-block-size=2097152"
    "memorysetup-profiler-bucket-allocator-granularity=16"
    "memorysetup-profiler-bucket-allocator-bucket-count=8"
    "memorysetup-profiler-bucket-allocator-block-size=33554432"
    "memorysetup-profiler-bucket-allocator-block-count=8"
    "memorysetup-profiler-allocator-block-size=16777216"
    "memorysetup-profiler-editor-allocator-block-size=1048576"
    "memorysetup-temp-allocator-size-main=16777216"
    "memorysetup-job-temp-allocator-block-size=2097152"
    "memorysetup-job-temp-allocator-block-size-background=1048576"
    "memorysetup-job-temp-allocator-reduction-small-platforms=262144"
    "memorysetup-temp-allocator-size-background-worker=32768"
    "memorysetup-temp-allocator-size-job-worker=262144"
    "memorysetup-temp-allocator-size-preload-manager=33554432"
    "memorysetup-temp-allocator-size-nav-mesh-worker=65536"
    "memorysetup-temp-allocator-size-audio-worker=65536"
    "memorysetup-temp-allocator-size-cloud-worker=32768"
    "memorysetup-temp-allocator-size-gi-baking-worker=262144"
    "memorysetup-temp-allocator-size-gfx=262144"
Refreshing native plugins compatible for Editor in 37.94 ms, found 2 plugins.
Preloading 0 native plugins for Editor in 0.00 ms.
Initialize engine version: 2021.2.6f1 (8c4e826ba445)
[Subsystems] Discovering subsystems at path G:/Unity Hub/Editors/2021.2.6f1/Editor/Data/Resources/UnitySubsystems
[Subsystems] Discovering subsystems at path F:/Unity/Udemy/RPG Core Combat Creator/Assets
GfxDevice: creating device client; threaded=0; jobified=0
Direct3D:
    Version:  Direct3D 11.0 [level 11.1]
    Renderer: NVIDIA GeForce GTX 1060 6GB (ID=0x1c03)
    Vendor:   NVIDIA
    VRAM:     6052 MB
    Driver:   30.0.14.9709
Initialize mono
Mono path[0] = 'G:/Unity Hub/Editors/2021.2.6f1/Editor/Data/Managed'
Mono path[1] = 'G:/Unity Hub/Editors/2021.2.6f1/Editor/Data/MonoBleedingEdge/lib/mono/unityjit-win32'
Mono config path = 'G:/Unity Hub/Editors/2021.2.6f1/Editor/Data/MonoBleedingEdge/etc'
Using monoOptions --debugger-agent=transport=dt_socket,embedding=1,server=y,suspend=n,address=127.0.0.1:56792
Begin MonoManager ReloadAssembly
Registering precompiled unity dll's ...
Register platform support module: G:/Unity Hub/Editors/2021.2.6f1/Editor/Data/PlaybackEngines/WindowsStandaloneSupport/UnityEditor.WindowsStandalone.Extensions.dll
Registered in 0.002867 seconds.
Native extension for WindowsStandalone target not found
Refreshing native plugins compatible for Editor in 45.28 ms, found 2 plugins.
Preloading 0 native plugins for Editor in 0.00 ms.
Mono: successfully reloaded assembly
- Completed reload, in  0.537 seconds
Domain Reload Profiling:
	ReloadAssembly (538ms)
		BeginReloadAssembly (60ms)
			ExecutionOrderSort (0ms)
			DisableScriptedObjects (0ms)
			BackupInstance (0ms)
			ReleaseScriptingObjects (0ms)
			CreateAndSetChildDomain (1ms)
		EndReloadAssembly (392ms)
			LoadAssemblies (59ms)
			RebuildTransferFunctionScriptingTraits (0ms)
			SetupTypeCache (92ms)
			ReleaseScriptCaches (0ms)
			RebuildScriptCaches (24ms)
			SetupLoadedEditorAssemblies (230ms)
				LogAssemblyErrors (0ms)
				InitializePlatformSupportModulesInManaged (13ms)
				SetLoadedEditorAssemblies (0ms)
				RefreshPlugins (45ms)
				BeforeProcessingInitializeOnLoad (1ms)
				ProcessInitializeOnLoadAttributes (123ms)
				ProcessInitializeOnLoadMethodAttributes (48ms)
				AfterProcessingInitializeOnLoad (0ms)
				EditorAssembliesLoaded (0ms)
			ExecutionOrderSort2 (0ms)
			AwakeInstancesAfterBackupRestoration (0ms)
Platform modules already initialized, skipping
Registering precompiled user dll's ...
Registered in 0.004154 seconds.
Begin MonoManager ReloadAssembly
Native extension for WindowsStandalone target not found
Refreshing native plugins compatible for Editor in 42.48 ms, found 2 plugins.
Preloading 0 native plugins for Editor in 0.00 ms.
Mono: successfully reloaded assembly
- Completed reload, in  1.035 seconds
Domain Reload Profiling:
	ReloadAssembly (1036ms)
		BeginReloadAssembly (117ms)
			ExecutionOrderSort (0ms)
			DisableScriptedObjects (8ms)
			BackupInstance (0ms)
			ReleaseScriptingObjects (0ms)
			CreateAndSetChildDomain (22ms)
		EndReloadAssembly (828ms)
			LoadAssemblies (67ms)
			RebuildTransferFunctionScriptingTraits (0ms)
			SetupTypeCache (177ms)
			ReleaseScriptCaches (1ms)
			RebuildScriptCaches (49ms)
			SetupLoadedEditorAssemblies (500ms)
				LogAssemblyErrors (0ms)
				InitializePlatformSupportModulesInManaged (9ms)
				SetLoadedEditorAssemblies (0ms)
				RefreshPlugins (43ms)
				BeforeProcessingInitializeOnLoad (59ms)
				ProcessInitializeOnLoadAttributes (369ms)
				ProcessInitializeOnLoadMethodAttributes (17ms)
				AfterProcessingInitializeOnLoad (3ms)
				EditorAssembliesLoaded (0ms)
			ExecutionOrderSort2 (0ms)
			AwakeInstancesAfterBackupRestoration (7ms)
Platform modules already initialized, skipping
========================================================================
Worker process is ready to serve import requests
Launched and connected shader compiler UnityShaderCompiler.exe after 0.07 seconds
Refreshing native plugins compatible for Editor in 0.52 ms, found 2 plugins.
Preloading 0 native plugins for Editor in 0.00 ms.
Unloading 2425 Unused Serialized files (Serialized files now loaded: 0)
Unloading 150 unused Assets / (1.6 MB). Loaded Objects now: 2915.
Memory consumption went from 127.6 MB to 126.0 MB.
Total: 3.022900 ms (FindLiveObjects: 0.214600 ms CreateObjectMapping: 0.141100 ms MarkObjects: 2.255000 ms  DeleteObjects: 0.411200 ms)

AssetImportParameters requested are different than current active one (requested -> active):
  custom:video-decoder-ogg-theora: a1e56fd34408186e4bbccfd4996cb3dc -> 
  custom:container-muxer-webm: aa71ff27fc2769a1b78a27578f13a17b -> 
  custom:container-demuxer-webm: 4f35f7cbe854078d1ac9338744f61a02 -> 
  custom:video-encoder-webm-vp8: eb34c28f22e8b96e1ab97ce403110664 -> 
  custom:audio-encoder-webm-vorbis: bf7c407c2cedff20999df2af8eb42d56 -> 
  custom:framework-win-MediaFoundation: 216162199b28c13a410421893ffa2e32 -> 
  custom:container-demuxer-ogg: 62fdf1f143b41e24485cea50d1cbac27 -> 
  custom:video-decoder-webm-vp8: 9c59270c3fd7afecdb556c50c9e8de78 -> 
  custom:audio-decoder-ogg-vorbis: bf7c407c2cedff20999df2af8eb42d56 -> 
========================================================================
Received Import Request.
  Time since last request: 1508380.419921 seconds.
  path: Assets/Scripts/Stats/BaseStats.cs
  artifactKey: Guid(9a211e1d7a0e91747a818cdc2f94e6be) Importer(2089858483,934ff659095e30574adcf32a4c2f97b5)
Start importing Assets/Scripts/Stats/BaseStats.cs using Guid(9a211e1d7a0e91747a818cdc2f94e6be) Importer(2089858483,934ff659095e30574adcf32a4c2f97b5) Generated GUIDs only implemented for interfaces!
 -> (artifact id: 'bdca23e26eddf60ff2b397f4090433a8') in 0.085728 seconds 
========================================================================
Received Import Request.
  Time since last request: 0.000017 seconds.
  path: Assets/Asset Packs/HEROIC FANTASY CREATURES FULL PACK/MYTHOLOGICAL CREATURES PACK/WEREWOLF/TEXTURES/WEREWOLF_NRM.jpg
  artifactKey: Guid(8c8fd4433bfa747478d197d9225af154) Importer(815301076,1909f56bfc062723c751e8b465ee728b)
Start importing Assets/Asset Packs/HEROIC FANTASY CREATURES FULL PACK/MYTHOLOGICAL CREATURES PACK/WEREWOLF/TEXTURES/WEREWOLF_NRM.jpg using Guid(8c8fd4433bfa747478d197d9225af154) Importer(815301076,1909f56bfc062723c751e8b465ee728b)  -> (artifact id: 'b0a053f8935cfe05bb8defbfa1325341') in 0.105100 seconds 
========================================================================
Received Import Request.
  Time since last request: 0.000019 seconds.
  path: Assets/Asset Packs/HEROIC FANTASY CREATURES FULL PACK/MYTHOLOGICAL CREATURES PACK/WEREWOLF/FBX Files/WEREWOLF@howl.FBX
  artifactKey: Guid(d2f1b5a98de738e42bc77281002a29c3) Importer(815301076,1909f56bfc062723c751e8b465ee728b)
Start importing Assets/Asset Packs/HEROIC FANTASY CREATURES FULL PACK/MYTHOLOGICAL CREATURES PACK/WEREWOLF/FBX Files/WEREWOLF@howl.FBX using Guid(d2f1b5a98de738e42bc77281002a29c3) Importer(815301076,1909f56bfc062723c751e8b465ee728b)  -> (artifact id: '47f78e1d24d6fede5343df5fee8d6188') in 0.022685 seconds 
========================================================================
Received Import Request.
  Time since last request: 0.000024 seconds.
  path: Assets/Scripts/Combat/WeaponPickup.cs
  artifactKey: Guid(fdf89a2e18ded5b40a93cd25bd868fa8) Importer(815301076,1909f56bfc062723c751e8b465ee728b)
Start importing Assets/Scripts/Combat/WeaponPickup.cs using Guid(fdf89a2e18ded5b40a93cd25bd868fa8) Importer(815301076,1909f56bfc062723c751e8b465ee728b)  -> (artifact id: '4992afd90d9314aa2c6413611eb58965') in 0.024083 seconds 
========================================================================
Received Import Request.
  Time since last request: 0.000024 seconds.
  path: Assets/Asset Packs/HEROIC FANTASY CREATURES FULL PACK/MYTHOLOGICAL CREATURES PACK/WEREWOLF/TEXTURES/WEREWOLF_LEGACY.tga
  artifactKey: Guid(1919d873c1441d843b29a4d2cbecd6af) Importer(815301076,1909f56bfc062723c751e8b465ee728b)
Start importing Assets/Asset Packs/HEROIC FANTASY CREATURES FULL PACK/MYTHOLOGICAL CREATURES PACK/WEREWOLF/TEXTURES/WEREWOLF_LEGACY.tga using Guid(1919d873c1441d843b29a4d2cbecd6af) Importer(815301076,1909f56bfc062723c751e8b465ee728b)  -> (artifact id: '20f17412409ccd98dfe81adc21397479') in 0.039018 seconds 
========================================================================
Received Import Request.
  Time since last request: 0.000017 seconds.
  path: Assets/Game/Pickups/Weapon Pickup.prefab
  artifactKey: Guid(dee6316cd790b3c4f8b401a69afb4f50) Importer(815301076,1909f56bfc062723c751e8b465ee728b)
Start importing Assets/Game/Pickups/Weapon Pickup.prefab using Guid(dee6316cd790b3c4f8b401a69afb4f50) Importer(815301076,1909f56bfc062723c751e8b465ee728b)  -> (artifact id: 'c75b5529fb1f409b6b71cfb8a824c933') in 0.088474 seconds 
========================================================================
Received Import Request.
  Time since last request: 0.000016 seconds.
  path: Assets/Asset Packs/PolygonStarter/Models/SM_Wep_Shield_04.fbx
  artifactKey: Guid(87eb24cd8b7c5b145a5b6e0a7a932dcd) Importer(815301076,1909f56bfc062723c751e8b465ee728b)
Start importing Assets/Asset Packs/PolygonStarter/Models/SM_Wep_Shield_04.fbx using Guid(87eb24cd8b7c5b145a5b6e0a7a932dcd) Importer(815301076,1909f56bfc062723c751e8b465ee728b)  -> (artifact id: 'b5cb4e8074262e5e78f407a16b83ee70') in 0.029633 seconds 
========================================================================
Received Import Request.
  Time since last request: 0.000024 seconds.
  path: Assets/Asset Packs/HEROIC FANTASY CREATURES FULL PACK/MYTHOLOGICAL CREATURES PACK/WEREWOLF/FBX Files/WEREWOLF@run_RM.FBX
  artifactKey: Guid(ce5c56c3511d7a94fae865c5da14c874) Importer(815301076,1909f56bfc062723c751e8b465ee728b)
Start importing Assets/Asset Packs/HEROIC FANTASY CREATURES FULL PACK/MYTHOLOGICAL CREATURES PACK/WEREWOLF/FBX Files/WEREWOLF@run_RM.FBX using Guid(ce5c56c3511d7a94fae865c5da14c874) Importer(815301076,1909f56bfc062723c751e8b465ee728b)  -> (artifact id: 'f7439087fbfa76c455038a48256b3f66') in 0.007842 seconds 
========================================================================
Received Import Request.
  Time since last request: 0.000027 seconds.
  path: Assets/Asset Packs/HEROIC FANTASY CREATURES FULL PACK/MYTHOLOGICAL CREATURES PACK/WEREWOLF/FBX Files/WEREWOLF@death.FBX
  artifactKey: Guid(bbf72a482dfd55349ab14f7daf15b829) Importer(815301076,1909f56bfc062723c751e8b465ee728b)
Start importing Assets/Asset Packs/HEROIC FANTASY CREATURES FULL PACK/MYTHOLOGICAL CREATURES PACK/WEREWOLF/FBX Files/WEREWOLF@death.FBX using Guid(bbf72a482dfd55349ab14f7daf15b829) Importer(815301076,1909f56bfc062723c751e8b465ee728b)  -> (artifact id: 'd9063ddb3f662df7c2b792509fad8bb9') in 0.017404 seconds 
========================================================================
Received Import Request.
  Time since last request: 0.000020 seconds.
  path: Assets/Scripts/Stats/IModifierProvider.cs
  artifactKey: Guid(d03cc24837abf034b90ef0c59577c256) Importer(2089858483,934ff659095e30574adcf32a4c2f97b5)
Start importing Assets/Scripts/Stats/IModifierProvider.cs using Guid(d03cc24837abf034b90ef0c59577c256) Importer(2089858483,934ff659095e30574adcf32a4c2f97b5) Generated GUIDs only implemented for interfaces!
 -> (artifact id: '8777fc03d33befc6a04995fd0d0d7769') in 0.025847 seconds 
========================================================================
Received Import Request.
  Time since last request: 0.000019 seconds.
  path: Assets/Asset Packs/HEROIC FANTASY CREATURES FULL PACK/MYTHOLOGICAL CREATURES PACK/WEREWOLF/FBX Files/WEREWOLF@walk.FBX
  artifactKey: Guid(9fe6b3afd012fb841b693ced2cfc4b26) Importer(815301076,1909f56bfc062723c751e8b465ee728b)
Start importing Assets/Asset Packs/HEROIC FANTASY CREATURES FULL PACK/MYTHOLOGICAL CREATURES PACK/WEREWOLF/FBX Files/WEREWOLF@walk.FBX using Guid(9fe6b3afd012fb841b693ced2cfc4b26) Importer(815301076,1909f56bfc062723c751e8b465ee728b)  -> (artifact id: '42302ebf522de23da7f2cbb30a0595fa') in 0.007136 seconds 
========================================================================
Received Import Request.
  Time since last request: 0.000013 seconds.
  path: Assets/Scenes/SandBox.unity
  artifactKey: Guid(9fc0d4010bbf28b4594072e72b8655ab) Importer(2089858483,934ff659095e30574adcf32a4c2f97b5)
Start importing Assets/Scenes/SandBox.unity using Guid(9fc0d4010bbf28b4594072e72b8655ab) Importer(2089858483,934ff659095e30574adcf32a4c2f97b5) Generated GUIDs only implemented for interfaces!
 -> (artifact id: '1c11d4849a76a9a87b25c426991864f2') in 0.044102 seconds 
========================================================================
Received Import Request.
  Time since last request: 0.000021 seconds.
  path: Assets/Game/Weapons/Bow/Bow Archer Animator Override Controller.overrideController
  artifactKey: Guid(e9bd57e298336494d8bf7ecb25f2f756) Importer(815301076,1909f56bfc062723c751e8b465ee728b)
Start importing Assets/Game/Weapons/Bow/Bow Archer Animator Override Controller.overrideController using Guid(e9bd57e298336494d8bf7ecb25f2f756) Importer(815301076,1909f56bfc062723c751e8b465ee728b)  -> (artifact id: '7acdf98cd79cde33e40dc832f6073d0e') in 0.066255 seconds 
========================================================================
Received Import Request.
  Time since last request: 0.000018 seconds.
  path: Assets/Asset Packs/HEROIC FANTASY CREATURES FULL PACK/MYTHOLOGICAL CREATURES PACK/WEREWOLF/FBX Files/WEREWOLF@run.FBX
  artifactKey: Guid(55be6abf041b54644983404fe43c2c67) Importer(815301076,1909f56bfc062723c751e8b465ee728b)
Start importing Assets/Asset Packs/HEROIC FANTASY CREATURES FULL PACK/MYTHOLOGICAL CREATURES PACK/WEREWOLF/FBX Files/WEREWOLF@run.FBX using Guid(55be6abf041b54644983404fe43c2c67) Importer(815301076,1909f56bfc062723c751e8b465ee728b)  -> (artifact id: '0b721dbf183e37a749c59c4a7c811e23') in 0.009003 seconds 
========================================================================
Received Import Request.
  Time since last request: 0.000027 seconds.
  path: Assets/Asset Packs/HEROIC FANTASY CREATURES FULL PACK/MYTHOLOGICAL CREATURES PACK/WEREWOLF/TEXTURES/WEREWOLF_AO.jpg
  artifactKey: Guid(b0fff05c42ea2374094021c6abfd0bef) Importer(815301076,1909f56bfc062723c751e8b465ee728b)
Start importing Assets/Asset Packs/HEROIC FANTASY CREATURES FULL PACK/MYTHOLOGICAL CREATURES PACK/WEREWOLF/TEXTURES/WEREWOLF_AO.jpg using Guid(b0fff05c42ea2374094021c6abfd0bef) Importer(815301076,1909f56bfc062723c751e8b465ee728b)  -> (artifact id: '5bad3b95d42680d32ba5336dcff35735') in 0.020033 seconds 
========================================================================
Received Import Request.
  Time since last request: 0.000023 seconds.
  path: Assets/Asset Packs/HEROIC FANTASY CREATURES FULL PACK/MYTHOLOGICAL CREATURES PACK/WEREWOLF/FBX Files/Materials/WEREWOLF_BODY.mat
  artifactKey: Guid(10f47d2215f391841b7745416e747118) Importer(815301076,1909f56bfc062723c751e8b465ee728b)
Start importing Assets/Asset Packs/HEROIC FANTASY CREATURES FULL PACK/MYTHOLOGICAL CREATURES PACK/WEREWOLF/FBX Files/Materials/WEREWOLF_BODY.mat using Guid(10f47d2215f391841b7745416e747118) Importer(815301076,1909f56bfc062723c751e8b465ee728b)  -> (artifact id: '2b2588e36264d4a03c491ee43c71b2ed') in 0.631719 seconds 
========================================================================
Received Import Request.
  Time since last request: 0.000034 seconds.
  path: Assets/Game/Pickups/Weapon Pickup Bow.prefab
  artifactKey: Guid(c9f9297cdaac4bc44a92e427df267dd5) Importer(815301076,1909f56bfc062723c751e8b465ee728b)
Start importing Assets/Game/Pickups/Weapon Pickup Bow.prefab using Guid(c9f9297cdaac4bc44a92e427df267dd5) Importer(815301076,1909f56bfc062723c751e8b465ee728b)  -> (artifact id: '1cbbc7d59f4b6eee6966c59abe5600a9') in 0.192806 seconds 
========================================================================
Received Import Request.
  Time since last request: 0.000017 seconds.
  path: Assets/Asset Packs/HEROIC FANTASY CREATURES FULL PACK/MYTHOLOGICAL CREATURES PACK/WEREWOLF/FBX Files/WEREWOLF.FBX
  artifactKey: Guid(6426b85749b4ec04685fc9e49fb8f12c) Importer(815301076,1909f56bfc062723c751e8b465ee728b)
Start importing Assets/Asset Packs/HEROIC FANTASY CREATURES FULL PACK/MYTHOLOGICAL CREATURES PACK/WEREWOLF/FBX Files/WEREWOLF.FBX using Guid(6426b85749b4ec04685fc9e49fb8f12c) Importer(815301076,1909f56bfc062723c751e8b465ee728b)  -> (artifact id: '09e464d76b6b19f3ec046267f1b20be0') in 0.346176 seconds 
========================================================================
Received Import Request.
  Time since last request: 0.000024 seconds.
  path: Assets/Asset Packs/HEROIC FANTASY CREATURES FULL PACK/MYTHOLOGICAL CREATURES PACK/WEREWOLF/FBX Files/WEREWOLF@getHit2.FBX
  artifactKey: Guid(2b85fc3efa6af424fb6a64609de5d6e1) Importer(815301076,1909f56bfc062723c751e8b465ee728b)
Start importing Assets/Asset Packs/HEROIC FANTASY CREATURES FULL PACK/MYTHOLOGICAL CREATURES PACK/WEREWOLF/FBX Files/WEREWOLF@getHit2.FBX using Guid(2b85fc3efa6af424fb6a64609de5d6e1) Importer(815301076,1909f56bfc062723c751e8b465ee728b)  -> (artifact id: '4f71ed22839fec1f2d1c14709a3d5836') in 0.009002 seconds 
========================================================================
Received Import Request.
  Time since last request: 0.000028 seconds.
  path: Assets/Asset Packs/GameDev.tv Assets/Club/Materials and Model/SM_Wep_Club_01.fbx
  artifactKey: Guid(a489902bab2ab954b83e07d163c87e3d) Importer(815301076,1909f56bfc062723c751e8b465ee728b)
Start importing Assets/Asset Packs/GameDev.tv Assets/Club/Materials and Model/SM_Wep_Club_01.fbx using Guid(a489902bab2ab954b83e07d163c87e3d) Importer(815301076,1909f56bfc062723c751e8b465ee728b)  -> (artifact id: '3f97320777690610730e17455e6cb9a3') in 0.015425 seconds 
========================================================================
Received Import Request.
  Time since last request: 0.000015 seconds.
  path: Assets/Scripts/Combat/Weapon.cs
  artifactKey: Guid(fbc2372246cefac449280b27cb32d627) Importer(815301076,1909f56bfc062723c751e8b465ee728b)
Start importing Assets/Scripts/Combat/Weapon.cs using Guid(fbc2372246cefac449280b27cb32d627) Importer(815301076,1909f56bfc062723c751e8b465ee728b)  -> (artifact id: 'e99f2cb8f800447c9166766c76de184d') in 0.001796 seconds 
========================================================================
Received Import Request.
  Time since last request: 0.000023 seconds.
  path: Assets/Asset Packs/HEROIC FANTASY CREATURES FULL PACK/MYTHOLOGICAL CREATURES PACK/WEREWOLF/TEXTURES/WEREWOLF_ILLUM.tga
  artifactKey: Guid(73ebd3f138236734db544b262d6bd928) Importer(815301076,1909f56bfc062723c751e8b465ee728b)
Start importing Assets/Asset Packs/HEROIC FANTASY CREATURES FULL PACK/MYTHOLOGICAL CREATURES PACK/WEREWOLF/TEXTURES/WEREWOLF_ILLUM.tga using Guid(73ebd3f138236734db544b262d6bd928) Importer(815301076,1909f56bfc062723c751e8b465ee728b)  -> (artifact id: '03d196f4726acf7f678a99dd02dfabe8') in 0.009892 seconds 
========================================================================
Received Import Request.
  Time since last request: 0.000024 seconds.
  path: Assets/Scripts/Combat/Fighter.cs
  artifactKey: Guid(997e8d150faf1ef4aa3edd4a54c8d914) Importer(2089858483,934ff659095e30574adcf32a4c2f97b5)
Start importing Assets/Scripts/Combat/Fighter.cs using Guid(997e8d150faf1ef4aa3edd4a54c8d914) Importer(2089858483,934ff659095e30574adcf32a4c2f97b5) Generated GUIDs only implemented for interfaces!
 -> (artifact id: 'e58e6cacadf0434e86f10fed7f06decf') in 0.031324 seconds 
========================================================================
Received Import Request.
  Time since last request: 0.000024 seconds.
  path: Assets/Game/Weapons/Sword/Equipped Sword.prefab
  artifactKey: Guid(0158179c8f140bd4aa06873e14903b60) Importer(815301076,1909f56bfc062723c751e8b465ee728b)
Start importing Assets/Game/Weapons/Sword/Equipped Sword.prefab using Guid(0158179c8f140bd4aa06873e14903b60) Importer(815301076,1909f56bfc062723c751e8b465ee728b)  -> (artifact id: '1a24cb1769004e327d4472fcb9b1ae87') in 0.027607 seconds 
========================================================================
Received Import Request.
  Time since last request: 4.589876 seconds.
  path: Assets/Asset Packs/KriptoFX/Realistic Effects Pack v4/Effects/Scripts/RFX4_OnEnableResetTransform.cs
  artifactKey: Guid(1e8686cad5439e84383ba590d814d1e5) Importer(815301076,1909f56bfc062723c751e8b465ee728b)
Start importing Assets/Asset Packs/KriptoFX/Realistic Effects Pack v4/Effects/Scripts/RFX4_OnEnableResetTransform.cs using Guid(1e8686cad5439e84383ba590d814d1e5) Importer(815301076,1909f56bfc062723c751e8b465ee728b)  -> (artifact id: '60ebde095a81e96d25bc2efc6e3529c7') in 0.002811 seconds 
========================================================================
Received Import Request.
  Time since last request: 0.003724 seconds.
  path: Assets/Asset Packs/SimpleFX/Prefabs/FX_TireSmoke.prefab
  artifactKey: Guid(d7bf18dd20422304ea868e95c3518f19) Importer(815301076,1909f56bfc062723c751e8b465ee728b)
Start importing Assets/Asset Packs/SimpleFX/Prefabs/FX_TireSmoke.prefab using Guid(d7bf18dd20422304ea868e95c3518f19) Importer(815301076,1909f56bfc062723c751e8b465ee728b)  -> (artifact id: '23666fe3cb40bf0d24a903ed8c0033fa') in 0.030099 seconds 
========================================================================
Received Import Request.
  Time since last request: 0.071095 seconds.
  path: Assets/Asset Packs/HEROIC FANTASY CREATURES FULL PACK/LIVING DEAD PACK/SKELETON KNIGHT/TEXTURES/1HANDED_SWORD_AO.png
  artifactKey: Guid(20f5d8e5116f58346b859e549ce7f2ee) Importer(815301076,1909f56bfc062723c751e8b465ee728b)
Start importing Assets/Asset Packs/HEROIC FANTASY CREATURES FULL PACK/LIVING DEAD PACK/SKELETON KNIGHT/TEXTURES/1HANDED_SWORD_AO.png using Guid(20f5d8e5116f58346b859e549ce7f2ee) Importer(815301076,1909f56bfc062723c751e8b465ee728b)  -> (artifact id: 'f256c5fde41994352bc4e71c243f9a6b') in 0.034918 seconds 
========================================================================
Received Import Request.
  Time since last request: 0.045824 seconds.
  path: Assets/Asset Packs/HEROIC FANTASY CREATURES FULL PACK/LIVING DEAD PACK/SKELETON KNIGHT/TEXTURES/1HANDED_SWORD_NRM.jpg
  artifactKey: Guid(6a5482d74eaad8d459d2f03da633e81b) Importer(815301076,1909f56bfc062723c751e8b465ee728b)
Start importing Assets/Asset Packs/HEROIC FANTASY CREATURES FULL PACK/LIVING DEAD PACK/SKELETON KNIGHT/TEXTURES/1HANDED_SWORD_NRM.jpg using Guid(6a5482d74eaad8d459d2f03da633e81b) Importer(815301076,1909f56bfc062723c751e8b465ee728b)  -> (artifact id: '61f5bb5a7ab401495a19f819b3e0bf47') in 0.031335 seconds 
========================================================================
Received Import Request.
  Time since last request: 0.091916 seconds.
  path: Assets/Asset Packs/HEROIC FANTASY CREATURES FULL PACK/LIVING DEAD PACK/SKELETON KNIGHT/TEXTURES/1HANDED_SWORD_LEGACY.tga
  artifactKey: Guid(a5c17b52284ad7842b5a0deaa9438cc4) Importer(815301076,1909f56bfc062723c751e8b465ee728b)
Start importing Assets/Asset Packs/HEROIC FANTASY CREATURES FULL PACK/LIVING DEAD PACK/SKELETON KNIGHT/TEXTURES/1HANDED_SWORD_LEGACY.tga using Guid(a5c17b52284ad7842b5a0deaa9438cc4) Importer(815301076,1909f56bfc062723c751e8b465ee728b)  -> (artifact id: '6b7031c39a4b37488f48d2ef87b3de75') in 0.030770 seconds 
========================================================================
Received Import Request.
  Time since last request: 0.009179 seconds.
  path: Assets/Asset Packs/HEROIC FANTASY CREATURES FULL PACK/LIVING DEAD PACK/SKELETON KNIGHT/TEXTURES/1HANDED_SWORD_SPEC_GLOSS.tga
  artifactKey: Guid(ec653df5aba5859478fd7257d19a74e8) Importer(815301076,1909f56bfc062723c751e8b465ee728b)
Start importing Assets/Asset Packs/HEROIC FANTASY CREATURES FULL PACK/LIVING DEAD PACK/SKELETON KNIGHT/TEXTURES/1HANDED_SWORD_SPEC_GLOSS.tga using Guid(ec653df5aba5859478fd7257d19a74e8) Importer(815301076,1909f56bfc062723c751e8b465ee728b)  -> (artifact id: '7344d1bc8ede49ad82fd71eba34ab91a') in 0.016661 seconds 
========================================================================
Received Import Request.
  Time since last request: 0.002096 seconds.
  path: Assets/Asset Packs/HEROIC FANTASY CREATURES FULL PACK/LIVING DEAD PACK/SKELETON KNIGHT/MATERIALS/1HANDED_SWORD_LEGACY.mat
  artifactKey: Guid(413863b680232b04089cc80a572ecf53) Importer(815301076,1909f56bfc062723c751e8b465ee728b)
Start importing Assets/Asset Packs/HEROIC FANTASY CREATURES FULL PACK/LIVING DEAD PACK/SKELETON KNIGHT/MATERIALS/1HANDED_SWORD_LEGACY.mat using Guid(413863b680232b04089cc80a572ecf53) Importer(815301076,1909f56bfc062723c751e8b465ee728b)  -> (artifact id: '28fc34a06d7db785ebd09fbdd1576897') in 0.140976 seconds 
========================================================================
Received Import Request.
  Time since last request: 0.005973 seconds.
  path: Assets/Asset Packs/HEROIC FANTASY CREATURES FULL PACK/LIVING DEAD PACK/SKELETON KNIGHT/TEXTURES/2HANDED_SWORD_NRM.jpg
  artifactKey: Guid(94e3e8ff60596104d80771edd41a76a8) Importer(815301076,1909f56bfc062723c751e8b465ee728b)
Start importing Assets/Asset Packs/HEROIC FANTASY CREATURES FULL PACK/LIVING DEAD PACK/SKELETON KNIGHT/TEXTURES/2HANDED_SWORD_NRM.jpg using Guid(94e3e8ff60596104d80771edd41a76a8) Importer(815301076,1909f56bfc062723c751e8b465ee728b)  -> (artifact id: '2bf1d06f75d782e2f2b6b9758a2483bc') in 0.008241 seconds 
========================================================================
Received Import Request.
  Time since last request: 0.022526 seconds.
  path: Assets/Asset Packs/HEROIC FANTASY CREATURES FULL PACK/LIVING DEAD PACK/SKELETON KNIGHT/TEXTURES/2HANDED_SWORD_AO.png
  artifactKey: Guid(d9e65a4fa8994204790dc907c8abc898) Importer(815301076,1909f56bfc062723c751e8b465ee728b)
Start importing Assets/Asset Packs/HEROIC FANTASY CREATURES FULL PACK/LIVING DEAD PACK/SKELETON KNIGHT/TEXTURES/2HANDED_SWORD_AO.png using Guid(d9e65a4fa8994204790dc907c8abc898) Importer(815301076,1909f56bfc062723c751e8b465ee728b)  -> (artifact id: '6483a205b318bc00b99c2cf202dcb7c1') in 0.015726 seconds 
========================================================================
Received Import Request.
  Time since last request: 1.315288 seconds.
  path: Assets/Asset Packs/KriptoFX/Realistic Effects Pack v4/SceneResources/Other/FPS.cs
  artifactKey: Guid(c270543e790a77141a5c9047d7a96a71) Importer(815301076,1909f56bfc062723c751e8b465ee728b)
Start importing Assets/Asset Packs/KriptoFX/Realistic Effects Pack v4/SceneResources/Other/FPS.cs using Guid(c270543e790a77141a5c9047d7a96a71) Importer(815301076,1909f56bfc062723c751e8b465ee728b)  -> (artifact id: '873af3f1e31ef29e92a1b7bb15e3375f') in 0.005910 seconds 
========================================================================
Received Import Request.
  Time since last request: 0.020225 seconds.
  path: Assets/TextMesh Pro/Examples & Extras/Resources/Fonts & Materials/Bangers SDF.asset
  artifactKey: Guid(125cb55b44b24c4393181402bc6200e6) Importer(815301076,1909f56bfc062723c751e8b465ee728b)
Start importing Assets/TextMesh Pro/Examples & Extras/Resources/Fonts & Materials/Bangers SDF.asset using Guid(125cb55b44b24c4393181402bc6200e6) Importer(815301076,1909f56bfc062723c751e8b465ee728b)  -> (artifact id: 'c95afb5494654c3886c31c608463e08c') in 0.087251 seconds 
========================================================================
Received Import Request.
  Time since last request: 0.000041 seconds.
  path: Assets/Asset Packs/KriptoFX/Realistic Effects Pack v4/SceneResources/Other/RFX4_RealtimeReflection.cs
  artifactKey: Guid(38e04c13395f9de45b9e6b8a711c9b8b) Importer(815301076,1909f56bfc062723c751e8b465ee728b)
Start importing Assets/Asset Packs/KriptoFX/Realistic Effects Pack v4/SceneResources/Other/RFX4_RealtimeReflection.cs using Guid(38e04c13395f9de45b9e6b8a711c9b8b) Importer(815301076,1909f56bfc062723c751e8b465ee728b)  -> (artifact id: 'ec01eaa0360fab81da6063a98250d2be') in 0.003733 seconds 
========================================================================
Received Import Request.
  Time since last request: 0.000034 seconds.
  path: Assets/Asset Packs/KriptoFX/Realistic Effects Pack v4/SceneResources/Other/RFX4_DemoGUI.cs
  artifactKey: Guid(86bb7e017c17ae343b52a0635b21cdb6) Importer(815301076,1909f56bfc062723c751e8b465ee728b)
Start importing Assets/Asset Packs/KriptoFX/Realistic Effects Pack v4/SceneResources/Other/RFX4_DemoGUI.cs using Guid(86bb7e017c17ae343b52a0635b21cdb6) Importer(815301076,1909f56bfc062723c751e8b465ee728b)  -> (artifact id: 'de1b2c3fbbb1337df0cab6765a7f4fe3') in 0.002301 seconds 
========================================================================
Received Import Request.
  Time since last request: 0.000049 seconds.
  path: Assets/TextMesh Pro/Examples & Extras/Resources/Fonts & Materials/Bangers SDF - Outline.mat
  artifactKey: Guid(f629c6e43dba4bf38cb74d8860150664) Importer(815301076,1909f56bfc062723c751e8b465ee728b)
Start importing Assets/TextMesh Pro/Examples & Extras/Resources/Fonts & Materials/Bangers SDF - Outline.mat using Guid(f629c6e43dba4bf38cb74d8860150664) Importer(815301076,1909f56bfc062723c751e8b465ee728b)  -> (artifact id: '74d43bd1b4546da4d23cbc82aae9528f') in 0.097416 seconds 
========================================================================
Received Import Request.
  Time since last request: 0.000015 seconds.
  path: Assets/TextMesh Pro/Examples & Extras/Resources/Fonts & Materials/Anton SDF - Drop Shadow.mat
  artifactKey: Guid(749b9069dc4742c5bfa5c74644049926) Importer(815301076,1909f56bfc062723c751e8b465ee728b)
Start importing Assets/TextMesh Pro/Examples & Extras/Resources/Fonts & Materials/Anton SDF - Drop Shadow.mat using Guid(749b9069dc4742c5bfa5c74644049926) Importer(815301076,1909f56bfc062723c751e8b465ee728b)  -> (artifact id: '1ead35a09b5dfdbbac4c95683670d7ee') in 0.075760 seconds 
========================================================================
Received Import Request.
  Time since last request: 0.000016 seconds.
  path: Assets/TextMesh Pro/Resources/Style Sheets/Default Style Sheet.asset
  artifactKey: Guid(f952c082cb03451daed3ee968ac6c63e) Importer(815301076,1909f56bfc062723c751e8b465ee728b)
Start importing Assets/TextMesh Pro/Resources/Style Sheets/Default Style Sheet.asset using Guid(f952c082cb03451daed3ee968ac6c63e) Importer(815301076,1909f56bfc062723c751e8b465ee728b)  -> (artifact id: 'c72200549b97ff12ff44a36c3fabf96c') in 0.002764 seconds 
========================================================================
Received Import Request.
  Time since last request: 0.000024 seconds.
  path: Assets/TextMesh Pro/Examples & Extras/Resources/Fonts & Materials/Bangers SDF - Drop Shadow.mat
  artifactKey: Guid(f2dcf029949142e28b974630369c8b4e) Importer(815301076,1909f56bfc062723c751e8b465ee728b)
Start importing Assets/TextMesh Pro/Examples & Extras/Resources/Fonts & Materials/Bangers SDF - Drop Shadow.mat using Guid(f2dcf029949142e28b974630369c8b4e) Importer(815301076,1909f56bfc062723c751e8b465ee728b)  -> (artifact id: '1e87d45701ba441cbecf4a814216ad3f') in 0.017589 seconds 
========================================================================
Received Import Request.
  Time since last request: 0.000018 seconds.
  path: Assets/TextMesh Pro/Examples & Extras/Resources/Sprite Assets/Default Sprite Asset.asset
  artifactKey: Guid(fbef3c704dce48f08a44612d6c856c8d) Importer(815301076,1909f56bfc062723c751e8b465ee728b)
Start importing Assets/TextMesh Pro/Examples & Extras/Resources/Sprite Assets/Default Sprite Asset.asset using Guid(fbef3c704dce48f08a44612d6c856c8d) Importer(815301076,1909f56bfc062723c751e8b465ee728b)  -> (artifact id: '8bcda9357ad4006b3dd5679e03eb5b0b') in 0.005046 seconds 
========================================================================
Received Import Request.
  Time since last request: 0.000018 seconds.
  path: Assets/TextMesh Pro/Examples & Extras/Resources/Color Gradient Presets/Dark to Light Green - Vertical.asset
  artifactKey: Guid(4c86a3366cd840348ebe8dc438570ee4) Importer(815301076,1909f56bfc062723c751e8b465ee728b)
Start importing Assets/TextMesh Pro/Examples & Extras/Resources/Color Gradient Presets/Dark to Light Green - Vertical.asset using Guid(4c86a3366cd840348ebe8dc438570ee4) Importer(815301076,1909f56bfc062723c751e8b465ee728b)  -> (artifact id: 'e849336149e4736b4c3adb51b2cb126f') in 0.002789 seconds 
========================================================================
Received Import Request.
  Time since last request: 0.000019 seconds.
  path: Assets/Asset Packs/KriptoFX/Realistic Effects Pack v4/SceneResources/Other/RFX4_FPS.cs
  artifactKey: Guid(b3282122c29c871408c4b1136cda2664) Importer(815301076,1909f56bfc062723c751e8b465ee728b)
Start importing Assets/Asset Packs/KriptoFX/Realistic Effects Pack v4/SceneResources/Other/RFX4_FPS.cs using Guid(b3282122c29c871408c4b1136cda2664) Importer(815301076,1909f56bfc062723c751e8b465ee728b)  -> (artifact id: '494c080f68d289bb8bb97e7a3ada966e') in 0.001494 seconds 
========================================================================
Received Import Request.
  Time since last request: 0.000021 seconds.
  path: Assets/TextMesh Pro/Examples & Extras/Resources/Fonts & Materials/Bangers SDF Logo.mat
  artifactKey: Guid(f4e195ac1e204eff960149d1cb34e18c) Importer(815301076,1909f56bfc062723c751e8b465ee728b)
Start importing Assets/TextMesh Pro/Examples & Extras/Resources/Fonts & Materials/Bangers SDF Logo.mat using Guid(f4e195ac1e204eff960149d1cb34e18c) Importer(815301076,1909f56bfc062723c751e8b465ee728b)  -> (artifact id: '9ef4fed7aee8808a9ef30e52a9e44824') in 0.264772 seconds 
========================================================================
Received Prepare
Registering precompiled user dll's ...
Registered in 0.004818 seconds.
Begin MonoManager ReloadAssembly
Native extension for WindowsStandalone target not found
Refreshing native plugins compatible for Editor in 0.48 ms, found 2 plugins.
Preloading 0 native plugins for Editor in 0.00 ms.
Mono: successfully reloaded assembly
- Completed reload, in  1.054 seconds
Domain Reload Profiling:
	ReloadAssembly (1054ms)
		BeginReloadAssembly (126ms)
			ExecutionOrderSort (0ms)
			DisableScriptedObjects (5ms)
			BackupInstance (0ms)
			ReleaseScriptingObjects (0ms)
			CreateAndSetChildDomain (35ms)
		EndReloadAssembly (841ms)
			LoadAssemblies (69ms)
			RebuildTransferFunctionScriptingTraits (0ms)
			SetupTypeCache (179ms)
			ReleaseScriptCaches (2ms)
			RebuildScriptCaches (52ms)
			SetupLoadedEditorAssemblies (447ms)
				LogAssemblyErrors (0ms)
				InitializePlatformSupportModulesInManaged (10ms)
				SetLoadedEditorAssemblies (0ms)
				RefreshPlugins (1ms)
				BeforeProcessingInitializeOnLoad (52ms)
				ProcessInitializeOnLoadAttributes (357ms)
				ProcessInitializeOnLoadMethodAttributes (23ms)
				AfterProcessingInitializeOnLoad (3ms)
				EditorAssembliesLoaded (0ms)
			ExecutionOrderSort2 (0ms)
			AwakeInstancesAfterBackupRestoration (15ms)
Platform modules already initialized, skipping
Refreshing native plugins compatible for Editor in 0.55 ms, found 2 plugins.
Preloading 0 native plugins for Editor in 0.00 ms.
Unloading 2359 Unused Serialized files (Serialized files now loaded: 0)
Unloading 138 unused Assets / (1.6 MB). Loaded Objects now: 3135.
Memory consumption went from 221.5 MB to 219.9 MB.
Total: 3.096800 ms (FindLiveObjects: 0.241700 ms CreateObjectMapping: 0.141600 ms MarkObjects: 2.317700 ms  DeleteObjects: 0.395000 ms)

AssetImportParameters requested are different than current active one (requested -> active):
  custom:video-decoder-ogg-theora: a1e56fd34408186e4bbccfd4996cb3dc -> 
  custom:container-muxer-webm: aa71ff27fc2769a1b78a27578f13a17b -> 
  custom:container-demuxer-webm: 4f35f7cbe854078d1ac9338744f61a02 -> 
  custom:video-encoder-webm-vp8: eb34c28f22e8b96e1ab97ce403110664 -> 
  custom:audio-encoder-webm-vorbis: bf7c407c2cedff20999df2af8eb42d56 -> 
  custom:framework-win-MediaFoundation: 216162199b28c13a410421893ffa2e32 -> 
  custom:SearchIndexIgnoredProperties: e643bd26f0fe6173181afceb89e7c659 -> 
  custom:container-demuxer-ogg: 62fdf1f143b41e24485cea50d1cbac27 -> 
  custom:video-decoder-webm-vp8: 9c59270c3fd7afecdb556c50c9e8de78 -> 
  custom:audio-decoder-ogg-vorbis: bf7c407c2cedff20999df2af8eb42d56 -> 
========================================================================
Received Prepare
Registering precompiled user dll's ...
Registered in 0.003816 seconds.
Begin MonoManager ReloadAssembly
Native extension for WindowsStandalone target not found
Refreshing native plugins compatible for Editor in 0.89 ms, found 2 plugins.
Preloading 0 native plugins for Editor in 0.00 ms.
Mono: successfully reloaded assembly
- Completed reload, in  1.025 seconds
Domain Reload Profiling:
	ReloadAssembly (1026ms)
		BeginReloadAssembly (134ms)
			ExecutionOrderSort (0ms)
			DisableScriptedObjects (5ms)
			BackupInstance (0ms)
			ReleaseScriptingObjects (0ms)
			CreateAndSetChildDomain (30ms)
		EndReloadAssembly (805ms)
			LoadAssemblies (70ms)
			RebuildTransferFunctionScriptingTraits (0ms)
			SetupTypeCache (164ms)
			ReleaseScriptCaches (1ms)
			RebuildScriptCaches (48ms)
			SetupLoadedEditorAssemblies (476ms)
				LogAssemblyErrors (0ms)
				InitializePlatformSupportModulesInManaged (11ms)
				SetLoadedEditorAssemblies (0ms)
				RefreshPlugins (1ms)
				BeforeProcessingInitializeOnLoad (62ms)
				ProcessInitializeOnLoadAttributes (374ms)
				ProcessInitializeOnLoadMethodAttributes (21ms)
				AfterProcessingInitializeOnLoad (6ms)
				EditorAssembliesLoaded (0ms)
			ExecutionOrderSort2 (0ms)
			AwakeInstancesAfterBackupRestoration (15ms)
Platform modules already initialized, skipping
Refreshing native plugins compatible for Editor in 0.77 ms, found 2 plugins.
Preloading 0 native plugins for Editor in 0.00 ms.
Unloading 2347 Unused Serialized files (Serialized files now loaded: 0)
Unloading 134 unused Assets / (1.6 MB). Loaded Objects now: 3137.
Memory consumption went from 221.1 MB to 219.5 MB.
Total: 3.574700 ms (FindLiveObjects: 0.244500 ms CreateObjectMapping: 0.126600 ms MarkObjects: 2.659500 ms  DeleteObjects: 0.543100 ms)

AssetImportParameters requested are different than current active one (requested -> active):
  custom:video-decoder-ogg-theora: a1e56fd34408186e4bbccfd4996cb3dc -> 
  custom:container-muxer-webm: aa71ff27fc2769a1b78a27578f13a17b -> 
  custom:container-demuxer-webm: 4f35f7cbe854078d1ac9338744f61a02 -> 
  custom:video-encoder-webm-vp8: eb34c28f22e8b96e1ab97ce403110664 -> 
  custom:audio-encoder-webm-vorbis: bf7c407c2cedff20999df2af8eb42d56 -> 
  custom:framework-win-MediaFoundation: 216162199b28c13a410421893ffa2e32 -> 
  custom:SearchIndexIgnoredProperties: e643bd26f0fe6173181afceb89e7c659 -> 
  custom:container-demuxer-ogg: 62fdf1f143b41e24485cea50d1cbac27 -> 
  custom:video-decoder-webm-vp8: 9c59270c3fd7afecdb556c50c9e8de78 -> 
  custom:audio-decoder-ogg-vorbis: bf7c407c2cedff20999df2af8eb42d56 -> 
========================================================================
Received Prepare
Registering precompiled user dll's ...
Registered in 0.006108 seconds.
Begin MonoManager ReloadAssembly
Native extension for WindowsStandalone target not found
Refreshing native plugins compatible for Editor in 0.51 ms, found 2 plugins.
Preloading 0 native plugins for Editor in 0.00 ms.
Mono: successfully reloaded assembly
- Completed reload, in  1.073 seconds
Domain Reload Profiling:
	ReloadAssembly (1074ms)
		BeginReloadAssembly (144ms)
			ExecutionOrderSort (0ms)
			DisableScriptedObjects (5ms)
			BackupInstance (0ms)
			ReleaseScriptingObjects (0ms)
			CreateAndSetChildDomain (34ms)
		EndReloadAssembly (835ms)
			LoadAssemblies (79ms)
			RebuildTransferFunctionScriptingTraits (0ms)
			SetupTypeCache (201ms)
			ReleaseScriptCaches (1ms)
			RebuildScriptCaches (59ms)
			SetupLoadedEditorAssemblies (451ms)
				LogAssemblyErrors (0ms)
				InitializePlatformSupportModulesInManaged (12ms)
				SetLoadedEditorAssemblies (1ms)
				RefreshPlugins (1ms)
				BeforeProcessingInitializeOnLoad (68ms)
				ProcessInitializeOnLoadAttributes (348ms)
				ProcessInitializeOnLoadMethodAttributes (19ms)
				AfterProcessingInitializeOnLoad (3ms)
				EditorAssembliesLoaded (0ms)
			ExecutionOrderSort2 (0ms)
			AwakeInstancesAfterBackupRestoration (13ms)
Platform modules already initialized, skipping
Refreshing native plugins compatible for Editor in 0.71 ms, found 2 plugins.
Preloading 0 native plugins for Editor in 0.00 ms.
Unloading 2347 Unused Serialized files (Serialized files now loaded: 0)
Unloading 134 unused Assets / (1.6 MB). Loaded Objects now: 3139.
Memory consumption went from 221.1 MB to 219.5 MB.
Total: 3.399100 ms (FindLiveObjects: 0.233500 ms CreateObjectMapping: 0.122500 ms MarkObjects: 2.623900 ms  DeleteObjects: 0.418000 ms)

AssetImportParameters requested are different than current active one (requested -> active):
  custom:video-decoder-ogg-theora: a1e56fd34408186e4bbccfd4996cb3dc -> 
  custom:container-muxer-webm: aa71ff27fc2769a1b78a27578f13a17b -> 
  custom:container-demuxer-webm: 4f35f7cbe854078d1ac9338744f61a02 -> 
  custom:video-encoder-webm-vp8: eb34c28f22e8b96e1ab97ce403110664 -> 
  custom:audio-encoder-webm-vorbis: bf7c407c2cedff20999df2af8eb42d56 -> 
  custom:framework-win-MediaFoundation: 216162199b28c13a410421893ffa2e32 -> 
  custom:SearchIndexIgnoredProperties: e643bd26f0fe6173181afceb89e7c659 -> 
  custom:container-demuxer-ogg: 62fdf1f143b41e24485cea50d1cbac27 -> 
  custom:video-decoder-webm-vp8: 9c59270c3fd7afecdb556c50c9e8de78 -> 
  custom:audio-decoder-ogg-vorbis: bf7c407c2cedff20999df2af8eb42d56 -> 
========================================================================
Received Prepare
Registering precompiled user dll's ...
Registered in 0.004940 seconds.
Begin MonoManager ReloadAssembly
Native extension for WindowsStandalone target not found
Refreshing native plugins compatible for Editor in 0.64 ms, found 2 plugins.
Preloading 0 native plugins for Editor in 0.00 ms.
Mono: successfully reloaded assembly
- Completed reload, in  1.189 seconds
Domain Reload Profiling:
	ReloadAssembly (1190ms)
		BeginReloadAssembly (173ms)
			ExecutionOrderSort (0ms)
			DisableScriptedObjects (5ms)
			BackupInstance (0ms)
			ReleaseScriptingObjects (0ms)
			CreateAndSetChildDomain (33ms)
		EndReloadAssembly (927ms)
			LoadAssemblies (99ms)
			RebuildTransferFunctionScriptingTraits (0ms)
			SetupTypeCache (223ms)
			ReleaseScriptCaches (3ms)
			RebuildScriptCaches (65ms)
			SetupLoadedEditorAssemblies (516ms)
				LogAssemblyErrors (0ms)
				InitializePlatformSupportModulesInManaged (10ms)
				SetLoadedEditorAssemblies (1ms)
				RefreshPlugins (1ms)
				BeforeProcessingInitializeOnLoad (67ms)
				ProcessInitializeOnLoadAttributes (411ms)
				ProcessInitializeOnLoadMethodAttributes (24ms)
				AfterProcessingInitializeOnLoad (3ms)
				EditorAssembliesLoaded (0ms)
			ExecutionOrderSort2 (0ms)
			AwakeInstancesAfterBackupRestoration (14ms)
Platform modules already initialized, skipping
Refreshing native plugins compatible for Editor in 0.99 ms, found 2 plugins.
Preloading 0 native plugins for Editor in 0.00 ms.
Unloading 2347 Unused Serialized files (Serialized files now loaded: 0)
Unloading 134 unused Assets / (1.6 MB). Loaded Objects now: 3141.
Memory consumption went from 221.1 MB to 219.5 MB.
Total: 8.374800 ms (FindLiveObjects: 0.252600 ms CreateObjectMapping: 0.173900 ms MarkObjects: 6.988100 ms  DeleteObjects: 0.958800 ms)

AssetImportParameters requested are different than current active one (requested -> active):
  custom:video-decoder-ogg-theora: a1e56fd34408186e4bbccfd4996cb3dc -> 
  custom:container-muxer-webm: aa71ff27fc2769a1b78a27578f13a17b -> 
  custom:container-demuxer-webm: 4f35f7cbe854078d1ac9338744f61a02 -> 
  custom:video-encoder-webm-vp8: eb34c28f22e8b96e1ab97ce403110664 -> 
  custom:audio-encoder-webm-vorbis: bf7c407c2cedff20999df2af8eb42d56 -> 
  custom:framework-win-MediaFoundation: 216162199b28c13a410421893ffa2e32 -> 
  custom:SearchIndexIgnoredProperties: e643bd26f0fe6173181afceb89e7c659 -> 
  custom:container-demuxer-ogg: 62fdf1f143b41e24485cea50d1cbac27 -> 
  custom:video-decoder-webm-vp8: 9c59270c3fd7afecdb556c50c9e8de78 -> 
  custom:audio-decoder-ogg-vorbis: bf7c407c2cedff20999df2af8eb42d56 -> 
========================================================================
Received Prepare
Registering precompiled user dll's ...
Registered in 0.003871 seconds.
Begin MonoManager ReloadAssembly
Native extension for WindowsStandalone target not found
Refreshing native plugins compatible for Editor in 0.59 ms, found 2 plugins.
Preloading 0 native plugins for Editor in 0.00 ms.
Mono: successfully reloaded assembly
- Completed reload, in  1.019 seconds
Domain Reload Profiling:
	ReloadAssembly (1020ms)
		BeginReloadAssembly (110ms)
			ExecutionOrderSort (0ms)
			DisableScriptedObjects (5ms)
			BackupInstance (0ms)
			ReleaseScriptingObjects (0ms)
			CreateAndSetChildDomain (27ms)
		EndReloadAssembly (830ms)
			LoadAssemblies (65ms)
			RebuildTransferFunctionScriptingTraits (0ms)
			SetupTypeCache (192ms)
			ReleaseScriptCaches (1ms)
			RebuildScriptCaches (52ms)
			SetupLoadedEditorAssemblies (484ms)
				LogAssemblyErrors (0ms)
				InitializePlatformSupportModulesInManaged (11ms)
				SetLoadedEditorAssemblies (0ms)
				RefreshPlugins (1ms)
				BeforeProcessingInitializeOnLoad (60ms)
				ProcessInitializeOnLoadAttributes (388ms)
				ProcessInitializeOnLoadMethodAttributes (20ms)
				AfterProcessingInitializeOnLoad (3ms)
				EditorAssembliesLoaded (0ms)
			ExecutionOrderSort2 (0ms)
			AwakeInstancesAfterBackupRestoration (12ms)
Platform modules already initialized, skipping
Refreshing native plugins compatible for Editor in 0.91 ms, found 2 plugins.
Preloading 0 native plugins for Editor in 0.00 ms.
Unloading 2347 Unused Serialized files (Serialized files now loaded: 0)
Unloading 134 unused Assets / (1.6 MB). Loaded Objects now: 3143.
Memory consumption went from 221.1 MB to 219.5 MB.
Total: 3.271500 ms (FindLiveObjects: 0.270800 ms CreateObjectMapping: 0.273300 ms MarkObjects: 2.310400 ms  DeleteObjects: 0.415900 ms)

AssetImportParameters requested are different than current active one (requested -> active):
  custom:video-decoder-ogg-theora: a1e56fd34408186e4bbccfd4996cb3dc -> 
  custom:container-muxer-webm: aa71ff27fc2769a1b78a27578f13a17b -> 
  custom:container-demuxer-webm: 4f35f7cbe854078d1ac9338744f61a02 -> 
  custom:video-encoder-webm-vp8: eb34c28f22e8b96e1ab97ce403110664 -> 
  custom:audio-encoder-webm-vorbis: bf7c407c2cedff20999df2af8eb42d56 -> 
  custom:framework-win-MediaFoundation: 216162199b28c13a410421893ffa2e32 -> 
  custom:SearchIndexIgnoredProperties: e643bd26f0fe6173181afceb89e7c659 -> 
  custom:container-demuxer-ogg: 62fdf1f143b41e24485cea50d1cbac27 -> 
  custom:video-decoder-webm-vp8: 9c59270c3fd7afecdb556c50c9e8de78 -> 
  custom:audio-decoder-ogg-vorbis: bf7c407c2cedff20999df2af8eb42d56 -> 
